<?xml version="1.0" encoding="UTF-8"?>
<!-- Generated by org.testng.reporters.JUnitReportReporter -->
<testsuite hostname="DESKTOP-TVRUTGT" failures="0" tests="1" name="Imriel.TestScenario2" time="59.072" errors="0" timestamp="2021-06-05T12:41:47 IST" skipped="0">
  <testcase classname="Imriel.TestScenario2" name="method" time="59.072"/>
  <system-out/>
</testsuite> <!-- Imriel.TestScenario2 -->
