<?xml version="1.0" encoding="UTF-8"?>
<!-- Generated by org.testng.reporters.JUnitReportReporter -->
<testsuite hostname="DESKTOP-TVRUTGT" failures="0" tests="1" name="Imriel.TestScenario3" time="55.423" errors="0" timestamp="2021-06-05T13:55:59 IST" skipped="0">
  <testcase classname="Imriel.TestScenario3" name="method" time="55.423"/>
  <system-out/>
</testsuite> <!-- Imriel.TestScenario3 -->
