<?xml version="1.0" encoding="UTF-8"?>
<!-- Generated by org.testng.reporters.JUnitReportReporter -->
<testsuite hostname="DESKTOP-TVRUTGT" failures="0" tests="1" name="Imriel.TestScenario4" time="22.500" errors="0" timestamp="2021-06-05T13:14:28 IST" skipped="0">
  <testcase classname="Imriel.TestScenario4" name="method" time="22.500"/>
  <system-out/>
</testsuite> <!-- Imriel.TestScenario4 -->
